<?xml version="1.0" encoding="UTF-8"?>
<testsuite name="DoctorTest" tests="5" skipped="0" failures="0" errors="0" timestamp="2016-09-22T22:32:31" hostname="epicodus-1.local" time="0.141">
  <properties/>
  <testcase name="getName_doctorInstantiatesWithName_Doc" classname="DoctorTest" time="0.077"/>
  <testcase name="getSpecialty_doctorInstantiatesWithSpecialty_Allergist" classname="DoctorTest" time="0.005"/>
  <testcase name="getId_doctorInstantiatesWithId_1" classname="DoctorTest" time="0.02"/>
  <testcase name="doctor_instantiatesCorrectly" classname="DoctorTest" time="0.005"/>
  <testcase name="find_returnsCategoryWithSameId_secondCategory" classname="DoctorTest" time="0.034"/>
  <system-out><![CDATA[]]></system-out>
  <system-err><![CDATA[]]></system-err>
</testsuite>
